<?xml version="1.0" encoding="UTF-8"?>
<!-- Generated by org.testng.reporters.JUnitXMLReporter -->
<testsuite ignored="14" hostname="LMC-LT-077" failures="1" tests="3" name="Test" time="70.793" errors="0" timestamp="2022-09-11T18:42:10 IST">
  <testcase classname="com.mystore.testcases.LoginPageTest" name="loginTest" time="10.012"/>
  <testcase classname="com.mystore.testcases.EndToEndTest" name="endToEndTest" time="37.569"/>
  <testcase classname="com.mystore.testcases.AccountCreationPageTest" name="verifyCreateAccountPageTest" time="0.092">
    <failure type="org.testng.internal.reflect.MethodMatcherException" message="
[public void com.mystore.testcases.AccountCreationPageTest.verifyCreateAccountPageTest(java.lang.String) throws java.lang.Throwable] has no parameters defined but was found to be using a data provider (either explicitly specified or inherited from class level annotation).
Data provider mismatch
Method: verifyCreateAccountPageTest([Parameter{index=0, type=java.lang.String, declaredAnnotations=[]}])
Arguments: [(java.util.HashMap) {Company=ABCDEF, Email=newtest1@gmail.com, Address=EDFG123, FirstName=TestUser, Gender=Mrs, City=San, MobilePhone=8489875678, Month=7, Year=1985, State=Alabama, Zipcode=91436, Country=United States, LastName=UserTest, SetPassword=hgsdtyf, Day=22}]">
      <![CDATA[org.testng.internal.reflect.MethodMatcherException: 
[public void com.mystore.testcases.AccountCreationPageTest.verifyCreateAccountPageTest(java.lang.String) throws java.lang.Throwable] has no parameters defined but was found to be using a data provider (either explicitly specified or inherited from class level annotation).
Data provider mismatch
Method: verifyCreateAccountPageTest([Parameter{index=0, type=java.lang.String, declaredAnnotations=[]}])
Arguments: [(java.util.HashMap) {Company=ABCDEF, Email=newtest1@gmail.com, Address=EDFG123, FirstName=TestUser, Gender=Mrs, City=San, MobilePhone=8489875678, Month=7, Year=1985, State=Alabama, Zipcode=91436, Country=United States, LastName=UserTest, SetPassword=hgsdtyf, Day=22}]
at java.base/java.util.ArrayList.forEach(ArrayList.java:1511)
... Removed 22 stack frames]]>
    </failure>
  </testcase> <!-- verifyCreateAccountPageTest -->
  <testcase classname="com.mystore.base.Baseclass" name="@BeforeSuite loadConfig" time="0.0">
    <ignored/>
  </testcase> <!-- @BeforeSuite loadConfig -->
  <testcase classname="com.mystore.base.Baseclass" name="@BeforeSuite loadConfig" time="0.0">
    <ignored/>
  </testcase> <!-- @BeforeSuite loadConfig -->
  <testcase classname="com.mystore.base.Baseclass" name="@BeforeSuite loadConfig" time="0.0">
    <ignored/>
  </testcase> <!-- @BeforeSuite loadConfig -->
  <testcase classname="com.mystore.base.Baseclass" name="@BeforeSuite loadConfig" time="0.0">
    <ignored/>
  </testcase> <!-- @BeforeSuite loadConfig -->
  <testcase classname="com.mystore.base.Baseclass" name="@BeforeSuite loadConfig" time="0.0">
    <ignored/>
  </testcase> <!-- @BeforeSuite loadConfig -->
  <testcase classname="com.mystore.base.Baseclass" name="@BeforeSuite loadConfig" time="0.0">
    <ignored/>
  </testcase> <!-- @BeforeSuite loadConfig -->
  <testcase classname="com.mystore.base.Baseclass" name="@BeforeSuite loadConfig" time="0.0">
    <ignored/>
  </testcase> <!-- @BeforeSuite loadConfig -->
  <testcase classname="com.mystore.base.Baseclass" name="@AfterSuite afterSuite" time="0.0">
    <ignored/>
  </testcase> <!-- @AfterSuite afterSuite -->
  <testcase classname="com.mystore.base.Baseclass" name="@AfterSuite afterSuite" time="0.0">
    <ignored/>
  </testcase> <!-- @AfterSuite afterSuite -->
  <testcase classname="com.mystore.base.Baseclass" name="@AfterSuite afterSuite" time="0.0">
    <ignored/>
  </testcase> <!-- @AfterSuite afterSuite -->
  <testcase classname="com.mystore.base.Baseclass" name="@AfterSuite afterSuite" time="0.0">
    <ignored/>
  </testcase> <!-- @AfterSuite afterSuite -->
  <testcase classname="com.mystore.base.Baseclass" name="@AfterSuite afterSuite" time="0.0">
    <ignored/>
  </testcase> <!-- @AfterSuite afterSuite -->
  <testcase classname="com.mystore.base.Baseclass" name="@AfterSuite afterSuite" time="0.0">
    <ignored/>
  </testcase> <!-- @AfterSuite afterSuite -->
  <testcase classname="com.mystore.base.Baseclass" name="@AfterSuite afterSuite" time="0.0">
    <ignored/>
  </testcase> <!-- @AfterSuite afterSuite -->
</testsuite> <!-- Test -->
